<?xml version="1.0" encoding="UTF-8"?>
<!-- Generated by org.testng.reporters.JUnitReportReporter -->
<testsuite hostname="spectral-pc" failures="0" tests="2" name="cucumber1.Test01Runner" time="14.762" errors="0" timestamp="29 Jan 2019 17:46:43 GMT" skipped="0">
  <testcase classname="cucumber1.Test01Runner" name="runScenario" time="10.199"/>
  <testcase classname="cucumber1.Test01Runner" name="runScenario" time="4.563"/>
</testsuite> <!-- cucumber1.Test01Runner -->
